[2026-01-12 23:41:11,283] INFO [app.init:33] - Starting Flask application
[2026-01-12 23:44:24,648] INFO [app.init:33] - Starting Flask application
[2026-01-12 23:44:24,830] INFO [app.init:33] - Starting Flask application
[2026-01-12 23:57:08,298] INFO [app.init:33] - Starting Flask application
[2026-01-12 23:57:32,269] INFO [app.init:33] - Starting Flask application
[2026-01-12 23:57:32,458] INFO [app.init:33] - Starting Flask application
[2026-01-12 23:58:39,875] INFO [app.init:33] - Starting Flask application
[2026-01-12 23:58:55,135] INFO [app.init:33] - Starting Flask application
[2026-01-12 23:59:18,414] INFO [app.init:33] - Starting Flask application
[2026-01-12 23:59:34,688] INFO [app.init:33] - Starting Flask application
[2026-01-12 23:59:49,986] INFO [app.init:33] - Starting Flask application
[2026-01-12 23:59:50,190] INFO [app.init:33] - Starting Flask application
[2026-01-13 02:25:06,503] INFO [app.init:33] - Starting Flask application
[2026-01-13 02:26:13,647] INFO [app.init:46] - Starting Flask application
[2026-01-13 02:27:30,666] INFO [app.init:46] - Starting Flask application
[2026-01-13 02:27:57,162] INFO [app.init:46] - Starting Flask application
[2026-01-13 02:28:28,588] INFO [app.init:46] - Starting Flask application
[2026-01-13 02:28:32,476] ERROR [app.init:875] - Exception on / [GET]
Traceback (most recent call last):
  File "/Users/marinnagy/Documents/GitHub/SISE_DiagnoSys/.venv/lib/python3.13/site-packages/flask/app.py", line 1511, in wsgi_app
    response = self.full_dispatch_request()
  File "/Users/marinnagy/Documents/GitHub/SISE_DiagnoSys/.venv/lib/python3.13/site-packages/flask/app.py", line 919, in full_dispatch_request
    rv = self.handle_user_exception(e)
  File "/Users/marinnagy/Documents/GitHub/SISE_DiagnoSys/.venv/lib/python3.13/site-packages/flask/app.py", line 917, in full_dispatch_request
    rv = self.dispatch_request()
  File "/Users/marinnagy/Documents/GitHub/SISE_DiagnoSys/.venv/lib/python3.13/site-packages/flask/app.py", line 902, in dispatch_request
    return self.ensure_sync(self.view_functions[rule.endpoint])(**view_args)  # type: ignore[no-any-return]
           ~~~~~~~~~~~~~~~~~~~~~~~~~~~~~~~~~~~~~~~~~~~~~~~~~~~~^^^^^^^^^^^^^
  File "/Users/marinnagy/Documents/GitHub/SISE_DiagnoSys/app/routes.py", line 19, in context
    patients = app.dummy.patients()
               ^^^^^^^^^
AttributeError: 'Flask' object has no attribute 'dummy'
[2026-01-13 02:28:33,299] ERROR [app.init:875] - Exception on / [GET]
Traceback (most recent call last):
  File "/Users/marinnagy/Documents/GitHub/SISE_DiagnoSys/.venv/lib/python3.13/site-packages/flask/app.py", line 1511, in wsgi_app
    response = self.full_dispatch_request()
  File "/Users/marinnagy/Documents/GitHub/SISE_DiagnoSys/.venv/lib/python3.13/site-packages/flask/app.py", line 919, in full_dispatch_request
    rv = self.handle_user_exception(e)
  File "/Users/marinnagy/Documents/GitHub/SISE_DiagnoSys/.venv/lib/python3.13/site-packages/flask/app.py", line 917, in full_dispatch_request
    rv = self.dispatch_request()
  File "/Users/marinnagy/Documents/GitHub/SISE_DiagnoSys/.venv/lib/python3.13/site-packages/flask/app.py", line 902, in dispatch_request
    return self.ensure_sync(self.view_functions[rule.endpoint])(**view_args)  # type: ignore[no-any-return]
           ~~~~~~~~~~~~~~~~~~~~~~~~~~~~~~~~~~~~~~~~~~~~~~~~~~~~^^^^^^^^^^^^^
  File "/Users/marinnagy/Documents/GitHub/SISE_DiagnoSys/app/routes.py", line 19, in context
    patients = app.dummy.patients()
               ^^^^^^^^^
AttributeError: 'Flask' object has no attribute 'dummy'
[2026-01-13 02:29:03,885] INFO [app.init:46] - Starting Flask application
[2026-01-13 02:29:15,122] INFO [app.init:46] - Starting Flask application
[2026-01-13 10:14:40,589] INFO [app.init:46] - Starting Flask application
[2026-01-13 11:13:54,847] INFO [app.init:47] - Starting Flask application
[2026-01-13 11:16:52,155] INFO [app.init:47] - Starting Flask application
[2026-01-13 11:25:27,545] INFO [app.init:47] - Starting Flask application
[2026-01-13 11:41:37,413] INFO [app:47] - Starting Flask application
[2026-01-13 11:42:06,905] INFO [app:47] - Starting Flask application
[2026-01-13 12:36:45,428] INFO [app:47] - Starting Flask application
[2026-01-13 12:45:59,651] INFO [app:47] - Starting Flask application
[2026-01-13 12:47:43,785] INFO [app:47] - Starting Flask application
[2026-01-13 12:50:04,065] INFO [app:47] - Starting Flask application
[2026-01-13 12:50:14,112] INFO [app:47] - Starting Flask application
[2026-01-13 12:53:56,685] INFO [app:47] - Starting Flask application
[2026-01-13 12:54:13,759] INFO [app:47] - Starting Flask application
[2026-01-13 12:57:10,978] INFO [app:47] - Starting Flask application
[2026-01-13 13:09:17,167] INFO [app:47] - Starting Flask application
[2026-01-13 13:15:46,958] INFO [app.init:47] - Starting Flask application
[2026-01-13 13:57:40,560] INFO [app.init:47] - Starting Flask application
[2026-01-13 14:59:57,726] INFO [app.init:47] - Starting Flask application
[2026-01-13 15:00:32,971] INFO [app.init:47] - Starting Flask application
[2026-01-13 15:03:44,603] INFO [app.init:47] - Starting Flask application
[2026-01-13 15:04:17,894] INFO [app.init:47] - Starting Flask application
[2026-01-13 15:05:00,131] INFO [app.init:47] - Starting Flask application
[2026-01-13 15:06:19,671] INFO [app.init:47] - Starting Flask application
[2026-01-13 15:08:19,503] INFO [app.init:47] - Starting Flask application
[2026-01-13 16:28:14,491] INFO [app.init:47] - Starting Flask application
[2026-01-13 16:32:33,430] INFO [app.init:47] - Starting Flask application
[2026-01-13 16:37:00,010] INFO [app.init:47] - Starting Flask application
[2026-01-13 16:38:39,230] INFO [app.init:47] - Starting Flask application
[2026-01-13 16:38:45,749] ERROR [app.init:875] - Exception on /audio_stt [GET]
Traceback (most recent call last):
  File "/Users/marinnagy/Documents/GitHub/SISE_DiagnoSys/.venv/lib/python3.13/site-packages/flask/app.py", line 1511, in wsgi_app
    response = self.full_dispatch_request()
  File "/Users/marinnagy/Documents/GitHub/SISE_DiagnoSys/.venv/lib/python3.13/site-packages/flask/app.py", line 919, in full_dispatch_request
    rv = self.handle_user_exception(e)
  File "/Users/marinnagy/Documents/GitHub/SISE_DiagnoSys/.venv/lib/python3.13/site-packages/flask/app.py", line 917, in full_dispatch_request
    rv = self.dispatch_request()
  File "/Users/marinnagy/Documents/GitHub/SISE_DiagnoSys/.venv/lib/python3.13/site-packages/flask/app.py", line 902, in dispatch_request
    return self.ensure_sync(self.view_functions[rule.endpoint])(**view_args)  # type: ignore[no-any-return]
           ~~~~~~~~~~~~~~~~~~~~~~~~~~~~~~~~~~~~~~~~~~~~~~~~~~~~^^^^^^^^^^^^^
  File "/Users/marinnagy/Documents/GitHub/SISE_DiagnoSys/.venv/lib/python3.13/site-packages/flask_sock/__init__.py", line 62, in websocket_route
    f(ws, *args, **kwargs)
    ~^^^^^^^^^^^^^^^^^^^^^
  File "/Users/marinnagy/Documents/GitHub/SISE_DiagnoSys/app/ajax.py", line 38, in audio_stt
    f.write(data)
    ~~~~~~~^^^^^^
TypeError: a bytes-like object is required, not 'str'
[2026-01-13 16:41:06,021] INFO [app.init:47] - Starting Flask application
[2026-01-13 16:42:20,061] INFO [app.init:47] - Starting Flask application
[2026-01-13 17:08:48,481] INFO [app.init:47] - Starting Flask application
[2026-01-13 17:10:07,062] INFO [app.init:47] - Starting Flask application
[2026-01-13 17:11:43,705] INFO [app.init:47] - Starting Flask application
[2026-01-13 17:16:39,879] INFO [app.init:47] - Starting Flask application
[2026-01-13 17:19:14,187] INFO [app.init:47] - Starting Flask application
[2026-01-13 17:19:19,124] INFO [app.init:47] - Starting Flask application
[2026-01-13 17:21:22,347] INFO [app.init:47] - Starting Flask application
[2026-01-13 17:22:10,646] INFO [app.init:47] - Starting Flask application
[2026-01-13 17:29:00,324] INFO [app.init:47] - Starting Flask application
[2026-01-13 17:29:13,299] INFO [app.init:47] - Starting Flask application
[2026-01-13 17:44:25,551] INFO [app.init:47] - Starting Flask application
[2026-01-13 17:44:56,779] INFO [app.init:47] - Starting Flask application
[2026-01-13 17:45:31,207] INFO [app.init:47] - Starting Flask application
[2026-01-13 17:46:45,605] INFO [app.init:47] - Starting Flask application
[2026-01-13 17:47:44,408] INFO [app.init:47] - Starting Flask application
[2026-01-13 17:53:05,688] INFO [app.init:47] - Starting Flask application
[2026-01-13 18:01:26,479] INFO [app.init:47] - Starting Flask application
[2026-01-13 18:04:12,907] INFO [app.init:47] - Starting Flask application
[2026-01-13 18:05:15,900] INFO [app.init:47] - Starting Flask application
[2026-01-13 18:09:14,887] INFO [app.init:47] - Starting Flask application
[2026-01-13 18:16:43,441] INFO [app.init:47] - Starting Flask application
[2026-01-13 18:17:04,537] INFO [app.init:47] - Starting Flask application
[2026-01-13 18:17:30,428] INFO [app.init:47] - Starting Flask application
[2026-01-13 18:34:19,856] INFO [app.init:47] - Starting Flask application
[2026-01-13 18:34:38,990] INFO [app.init:47] - Starting Flask application
[2026-01-13 18:35:12,708] INFO [app.init:47] - Starting Flask application
[2026-01-13 18:36:33,450] INFO [app.init:47] - Starting Flask application
[2026-01-13 18:37:41,839] INFO [app.init:47] - Starting Flask application
[2026-01-13 18:38:12,834] INFO [app.init:47] - Starting Flask application
[2026-01-13 18:38:29,727] INFO [app.init:47] - Starting Flask application
[2026-01-13 18:39:41,726] INFO [app.init:47] - Starting Flask application
[2026-01-13 18:41:09,877] INFO [app.init:47] - Starting Flask application
[2026-01-14 22:09:39,566] INFO [app.config.database:127] - Initializing database and creating tables if not exist.
[2026-01-14 22:09:39,576] DEBUG [app.config.database:77] - SQLAlchemy engine created.
[2026-01-14 22:09:39,577] INFO [app.config.database:129] - Database initialized successfully.
[2026-01-14 22:09:39,577] INFO [app.init:48] - Starting Flask application
[2026-01-14 22:09:40,164] INFO [app.config.database:127] - Initializing database and creating tables if not exist.
[2026-01-14 22:09:40,171] DEBUG [app.config.database:77] - SQLAlchemy engine created.
[2026-01-14 22:09:40,172] INFO [app.config.database:129] - Database initialized successfully.
[2026-01-14 22:09:40,172] INFO [app.init:48] - Starting Flask application
[2026-01-15 08:52:12,650] INFO [app.config.database:127] - Initializing database and creating tables if not exist.
[2026-01-15 08:52:12,665] DEBUG [app.config.database:77] - SQLAlchemy engine created.
[2026-01-15 08:52:12,667] INFO [app.config.database:129] - Database initialized successfully.
[2026-01-15 08:52:12,667] INFO [app.init:48] - Starting Flask application
[2026-01-15 08:52:13,162] INFO [app.config.database:127] - Initializing database and creating tables if not exist.
[2026-01-15 08:52:13,170] DEBUG [app.config.database:77] - SQLAlchemy engine created.
[2026-01-15 08:52:13,171] INFO [app.config.database:129] - Database initialized successfully.
[2026-01-15 08:52:13,171] INFO [app.init:48] - Starting Flask application
[2026-01-15 08:58:16,864] INFO [app.config.database:127] - Initializing database and creating tables if not exist.
[2026-01-15 08:58:16,872] DEBUG [app.config.database:77] - SQLAlchemy engine created.
[2026-01-15 08:58:16,873] INFO [app.config.database:129] - Database initialized successfully.
[2026-01-15 08:58:16,873] INFO [app.init:48] - Starting Flask application
[2026-01-13 19:12:08,106] INFO [app.init:47] - Starting Flask application
[2026-01-14 10:14:03,138] INFO [app.init:47] - Starting Flask application
[2026-01-14 10:46:07,320] INFO [app.init:47] - Starting Flask application
[2026-01-14 10:49:35,417] INFO [app.init:47] - Starting Flask application
[2026-01-14 13:56:05,858] INFO [app.init:47] - Starting Flask application
[2026-01-14 16:39:25,586] INFO [app.init:47] - Starting Flask application
[2026-01-14 16:44:19,934] INFO [app.init:47] - Starting Flask application
[2026-01-14 16:49:55,037] INFO [app.init:47] - Starting Flask application
[2026-01-14 18:05:49,633] INFO [app.init:47] - Starting Flask application
[2026-01-14 18:06:22,854] INFO [app.init:47] - Starting Flask application
[2026-01-14 18:06:58,723] INFO [app.init:47] - Starting Flask application
[2026-01-14 18:35:23,995] INFO [app.init:47] - Starting Flask application
[2026-01-14 18:38:51,015] INFO [app.init:47] - Starting Flask application
[2026-01-14 18:43:57,785] INFO [app.init:47] - Starting Flask application
[2026-01-14 18:44:23,377] INFO [app.init:47] - Starting Flask application
[2026-01-14 18:46:14,646] INFO [app.init:47] - Starting Flask application
[2026-01-15 06:58:54,990] INFO [app.init:47] - Starting Flask application
[2026-01-15 07:00:38,708] INFO [app.init:47] - Starting Flask application
[2026-01-15 07:11:37,034] INFO [app.init:47] - Starting Flask application
[2026-01-15 07:38:52,372] INFO [app.init:47] - Starting Flask application
[2026-01-15 07:51:00,997] INFO [app.init:47] - Starting Flask application
[2026-01-15 07:51:26,323] INFO [app.init:47] - Starting Flask application
[2026-01-15 08:00:40,630] INFO [app.init:47] - Starting Flask application
[2026-01-15 08:21:11,700] INFO [app.init:47] - Starting Flask application
[2026-01-15 08:21:44,176] INFO [app.init:47] - Starting Flask application
[2026-01-15 08:22:00,400] INFO [app.init:47] - Starting Flask application
[2026-01-15 09:17:45,512] INFO [app.init:47] - Starting Flask application
[2026-01-15 09:21:32,406] INFO [app.init:47] - Starting Flask application
[2026-01-15 09:21:35,018] ERROR [app.init:875] - Exception on /ajax/render_diagnostics/2 [GET]
Traceback (most recent call last):
  File "/Users/marinnagy/Documents/GitHub/SISE_DiagnoSys/.venv/lib/python3.13/site-packages/flask/app.py", line 1511, in wsgi_app
    response = self.full_dispatch_request()
  File "/Users/marinnagy/Documents/GitHub/SISE_DiagnoSys/.venv/lib/python3.13/site-packages/flask/app.py", line 920, in full_dispatch_request
    return self.finalize_request(rv)
           ~~~~~~~~~~~~~~~~~~~~~^^^^
  File "/Users/marinnagy/Documents/GitHub/SISE_DiagnoSys/.venv/lib/python3.13/site-packages/flask/app.py", line 939, in finalize_request
    response = self.make_response(rv)
  File "/Users/marinnagy/Documents/GitHub/SISE_DiagnoSys/.venv/lib/python3.13/site-packages/flask/app.py", line 1212, in make_response
    raise TypeError(
    ...<3 lines>...
    )
TypeError: The view function for 'ajax.render_diagnostics' did not return a valid response. The function either returned None or ended without a return statement.
[2026-01-15 09:22:16,316] INFO [app.init:47] - Starting Flask application
[2026-01-15 09:24:22,365] INFO [app.init:47] - Starting Flask application
[2026-01-15 09:25:54,823] INFO [app.init:47] - Starting Flask application
[2026-01-15 10:34:22,815] INFO [app.init:47] - Starting Flask application
[2026-01-15 10:51:09,329] INFO [app.init:47] - Starting Flask application
[2026-01-15 14:03:25,810] INFO [app.init:47] - Starting Flask application
[2026-01-15 15:40:49,385] INFO [app.init:47] - Starting Flask application
[2026-01-15 15:42:33,500] INFO [app.init:47] - Starting Flask application
[2026-01-15 17:13:09,602] INFO [app.init:47] - Starting Flask application
[2026-01-15 17:30:29,928] INFO [app.init:47] - Starting Flask application
[2026-01-15 17:31:08,222] INFO [app.init:47] - Starting Flask application
[2026-01-15 17:54:00,714] INFO [app.init:47] - Starting Flask application
